{
  "RSpec": {
    "coverage": {
      "/Users/ianknauer/programming/rails/photo-uploader/spec/controllers/albums_controller_spec.rb": [
        1,
        null,
        1,
        null,
        1,
        1,
        1,
        1,
        1,
        1,
        null,
        null,
        null,
        1,
        1,
        1,
        1,
        1,
        1,
        null,
        null,
        null,
        1,
        1,
        1,
        3,
        3,
        null,
        1,
        1,
        null,
        1,
        1,
        null,
        1,
        1,
        null,
        null,
        1,
        1,
        3,
        3,
        null,
        1,
        1,
        null,
        1,
        1,
        null,
        1,
        1,
        null,
        null,
        null,
        null
      ],
      "/Users/ianknauer/programming/rails/photo-uploader/spec/rails_helper.rb": [
        null,
        1,
        1,
        1,
        1,
        null,
        1,
        null,
        1,
        1,
        null,
        1,
        null,
        null,
        1,
        null,
        null,
        1,
        1,
        1,
        1,
        null,
        null
      ],
      "/Users/ianknauer/programming/rails/photo-uploader/config/environment.rb": [
        null,
        1,
        null,
        null,
        1
      ],
      "/Users/ianknauer/programming/rails/photo-uploader/config/application.rb": [
        1,
        null,
        1,
        null,
        null,
        null,
        1,
        null,
        1,
        1,
        1,
        1,
        null,
        null,
        null,
        null,
        null,
        null,
        1,
        null,
        null,
        null,
        null,
        null,
        null,
        null,
        null,
        null,
        null,
        null,
        null,
        null,
        null,
        null,
        1,
        null,
        null
      ],
      "/Users/ianknauer/programming/rails/photo-uploader/config/boot.rb": [
        1,
        null,
        1
      ],
      "/Users/ianknauer/programming/rails/photo-uploader/config/environments/test.rb": [
        1,
        null,
        null,
        null,
        null,
        null,
        null,
        1,
        null,
        null,
        null,
        null,
        1,
        null,
        null,
        1,
        1,
        null,
        null,
        1,
        1,
        null,
        null,
        1,
        null,
        null,
        1,
        null,
        null,
        null,
        null,
        1,
        null,
        null,
        1,
        null,
        null,
        1,
        null,
        null,
        null,
        null
      ],
      "/Users/ianknauer/programming/rails/photo-uploader/config/initializers/assets.rb": [
        null,
        null,
        null,
        1,
        null,
        null,
        null,
        null,
        null,
        null,
        null
      ],
      "/Users/ianknauer/programming/rails/photo-uploader/config/initializers/backtrace_silencers.rb": [
        null,
        null,
        null,
        null,
        null,
        null,
        null
      ],
      "/Users/ianknauer/programming/rails/photo-uploader/config/initializers/cookies_serializer.rb": [
        null,
        null,
        1
      ],
      "/Users/ianknauer/programming/rails/photo-uploader/config/initializers/filter_parameter_logging.rb": [
        null,
        null,
        null,
        1
      ],
      "/Users/ianknauer/programming/rails/photo-uploader/config/initializers/inflections.rb": [
        null,
        null,
        null,
        null,
        null,
        null,
        null,
        null,
        null,
        null,
        null,
        null,
        null,
        null,
        null,
        null
      ],
      "/Users/ianknauer/programming/rails/photo-uploader/config/initializers/mime_types.rb": [
        null,
        null,
        null,
        null
      ],
      "/Users/ianknauer/programming/rails/photo-uploader/config/initializers/session_store.rb": [
        null,
        null,
        1
      ],
      "/Users/ianknauer/programming/rails/photo-uploader/config/initializers/wrap_parameters.rb": [
        null,
        null,
        null,
        null,
        null,
        null,
        1,
        1,
        null,
        null,
        null,
        null,
        null,
        null
      ],
      "/Users/ianknauer/programming/rails/photo-uploader/spec/factories/albums.rb": [
        null,
        null,
        1,
        1,
        null,
        null
      ],
      "/Users/ianknauer/programming/rails/photo-uploader/spec/factories/customers.rb": [
        null,
        null,
        1,
        1,
        1,
        1,
        1,
        null,
        null
      ],
      "/Users/ianknauer/programming/rails/photo-uploader/config/routes.rb": [
        1,
        null,
        1,
        1,
        1,
        1,
        1,
        null,
        null,
        null
      ],
      "/Users/ianknauer/programming/rails/photo-uploader/app/helpers/albums_helper.rb": [
        1,
        null
      ],
      "/Users/ianknauer/programming/rails/photo-uploader/app/helpers/application_helper.rb": [
        1,
        null
      ],
      "/Users/ianknauer/programming/rails/photo-uploader/app/helpers/customers_helper.rb": [
        1,
        null
      ],
      "/Users/ianknauer/programming/rails/photo-uploader/app/controllers/albums_controller.rb": [
        1,
        1,
        null,
        1,
        null,
        null,
        1,
        1,
        1,
        null,
        null,
        1,
        6,
        6,
        6,
        3,
        3,
        null,
        3,
        3,
        null,
        null,
        null,
        1,
        null,
        1,
        6,
        null,
        null,
        1,
        1,
        null,
        null
      ],
      "/Users/ianknauer/programming/rails/photo-uploader/app/controllers/application_controller.rb": [
        1,
        null,
        null,
        1,
        null
      ],
      "/Users/ianknauer/programming/rails/photo-uploader/spec/controllers/customers_controller_spec.rb": [
        1,
        null,
        1,
        null,
        1,
        1,
        1,
        1,
        1,
        null,
        null,
        null,
        1,
        1,
        1,
        3,
        null,
        1,
        1,
        null,
        1,
        1,
        null,
        1,
        1,
        null,
        null,
        1,
        1,
        3,
        null,
        1,
        1,
        null,
        1,
        1,
        null,
        1,
        1,
        null,
        null,
        null,
        null,
        1,
        1,
        1,
        1,
        1,
        null,
        null,
        null,
        1,
        1,
        null,
        1,
        3,
        null,
        1,
        3,
        3,
        3,
        null,
        null,
        1,
        1,
        null,
        1,
        1,
        1,
        1,
        null,
        1,
        1,
        null,
        null,
        1,
        null,
        1,
        3,
        null,
        1,
        3,
        3,
        3,
        3,
        null,
        null,
        1,
        1,
        null,
        1,
        1,
        null,
        1,
        1,
        null,
        null,
        null,
        null,
        1,
        1,
        1,
        1,
        1,
        null,
        null,
        null
      ],
      "/Users/ianknauer/programming/rails/photo-uploader/app/controllers/customers_controller.rb": [
        1,
        1,
        null,
        1,
        0,
        null,
        null,
        1,
        null,
        null,
        1,
        1,
        null,
        null,
        1,
        6,
        6,
        3,
        3,
        null,
        3,
        3,
        null,
        null,
        null,
        1,
        null,
        null,
        1,
        6,
        3,
        3,
        null,
        3,
        3,
        null,
        null,
        null,
        1,
        1,
        null,
        null,
        1,
        null,
        1,
        12,
        null,
        null,
        1,
        7,
        null,
        null
      ],
      "/Users/ianknauer/programming/rails/photo-uploader/spec/models/album_spec.rb": [
        1,
        null,
        1,
        2,
        2,
        null
      ],
      "/Users/ianknauer/programming/rails/photo-uploader/app/models/album.rb": [
        1,
        1,
        1,
        null
      ],
      "/Users/ianknauer/programming/rails/photo-uploader/spec/models/customer_spec.rb": [
        1,
        null,
        1,
        2,
        2,
        2,
        2,
        2,
        null,
        1,
        1,
        1,
        null,
        1,
        1,
        1,
        null,
        1,
        1,
        1,
        null,
        1,
        1,
        1,
        null,
        1,
        1,
        1,
        1,
        null,
        null,
        null
      ],
      "/Users/ianknauer/programming/rails/photo-uploader/app/models/customer.rb": [
        1,
        1,
        null,
        1,
        1,
        1,
        null,
        1,
        6,
        5,
        null,
        null
      ]
    },
    "timestamp": 1453695731
  }
}
